originals/0001.jpg
originals/0003.jpg
originals/0005.jpg
originals/0008.jpg
originals/0011.jpg
originals/0013.jpg
originals/0015.jpg
originals/0017.jpg
originals/0019.jpg
originals/0021.jpg
originals/0023.jpg
originals/0025.jpg
originals/0027.jpg
originals/0029.jpg
originals/0031.jpg
originals/0033.jpg
originals/0035.jpg
originals/0037.jpg
originals/0039.jpg
originals/0041.jpg
originals/0043.jpg
originals/0045.jpg
originals/0048.jpg
originals/0050.jpg
originals/0052.jpg
originals/0055.jpg
originals/0057.jpg
originals/0059.jpg
originals/0061.jpg
originals/0063.jpg
originals/0065.jpg
originals/0067.jpg
originals/0069.jpg
originals/0071.jpg
originals/0073.jpg
originals/0075.jpg
pnmscale: Scaling by 0.647458 horizontally to 191 columns.
pnmscale: Scaling by 0.648649 vertically to 192 rows.
pnmscale: 0.000008 of right column stretched due to arithmetic imprecision
pnmscale: 0.000009 of bottom row stretched due to arithmetic imprecision
pnmscale: Scaling by 0.918782 horizontally to 543 columns.
pnmscale: Scaling by 0.919540 vertically to 800 rows.
pnmscale: 0.000017 of right column stretched due to arithmetic imprecision
pnmscale: 0.000003 of bottom row stretched due to arithmetic imprecision
originals/0077.jpg
originals/0079.jpg
originals/0081.jpg
originals/0083.jpg
originals/0085.jpg
originals/0087.jpg
originals/0089.jpg
originals/0091.jpg
originals/0093.jpg
originals/0095.jpg
originals/0097.jpg
originals/0100.jpg
originals/0104.jpg
originals/0107.jpg
originals/0109.jpg
originals/0111.jpg
originals/0114.jpg
originals/0116.jpg
originals/0119.jpg
originals/0122.jpg
originals/0124.jpg
originals/0127.jpg
originals/0130.jpg
originals/0132.jpg
originals/0134.jpg
originals/0136.jpg
originals/0138.jpg
originals/0141.jpg
originals/0143.jpg
originals/0120.jpg
originals/0129.jpg
originals/0007.jpg
originals/0054.jpg
originals/0009.jpg
originals/0098.jpg
originals/0105.jpg
